Using pre-set license
Built from '2020.3/staging' branch; Version is '2020.3.11f1 (99c7afb366b3) revision 10078127'; Using compiler version '192528614'; Build Type 'Release'
OS: 'Windows 10 Pro; OS build 19042.1348; Version 2009; 64bit' Language: 'de' Physical Memory: 32694 MB
BatchMode: 1, IsHumanControllingUs: 0, StartBugReporterOnCrash: 0, Is64bit: 1, IsPro: 0

 COMMAND LINE ARGUMENTS:
C:\Program Files\Unity\Hub\Editor\2020.3.11f1\Editor\Unity.exe
-adb2
-batchMode
-noUpm
-name
AssetImportWorker0
-projectPath
C:/Users/x79/Documents/GitHub/UmgebungsSimulation
-logFile
Logs/AssetImportWorker0.log
-srvPort
58413
Successfully changed project path to: C:/Users/x79/Documents/GitHub/UmgebungsSimulation
C:/Users/x79/Documents/GitHub/UmgebungsSimulation
Using Asset Import Pipeline V2.
Refreshing native plugins compatible for Editor in 48.33 ms, found 2 plugins.
Preloading 0 native plugins for Editor in 0.00 ms.
Initialize engine version: 2020.3.11f1 (99c7afb366b3)
[Subsystems] Discovering subsystems at path C:/Program Files/Unity/Hub/Editor/2020.3.11f1/Editor/Data/Resources/UnitySubsystems
[Subsystems] Discovering subsystems at path C:/Users/x79/Documents/GitHub/UmgebungsSimulation/Assets
GfxDevice: creating device client; threaded=0
Direct3D:
    Version:  Direct3D 11.0 [level 11.1]
    Renderer: NVIDIA GeForce GTX 1060 6GB (ID=0x1c06)
    Vendor:   
    VRAM:     6052 MB
    Driver:   30.0.14.9649
Shader 'Universal Render Pipeline/Particles/Lit': fallback shader 'Universal Render Pipeline/Particles/SimpleLit' not found
Initialize mono
Mono path[0] = 'C:/Program Files/Unity/Hub/Editor/2020.3.11f1/Editor/Data/Managed'
Mono path[1] = 'C:/Program Files/Unity/Hub/Editor/2020.3.11f1/Editor/Data/MonoBleedingEdge/lib/mono/unityjit'
Mono config path = 'C:/Program Files/Unity/Hub/Editor/2020.3.11f1/Editor/Data/MonoBleedingEdge/etc'
Using monoOptions --debugger-agent=transport=dt_socket,embedding=1,server=y,suspend=n,address=127.0.0.1:56576
Begin MonoManager ReloadAssembly
Registering precompiled unity dll's ...
Register platform support module: C:/Program Files/Unity/Hub/Editor/2020.3.11f1/Editor/Data/PlaybackEngines/WindowsStandaloneSupport/UnityEditor.WindowsStandalone.Extensions.dll
Registered in 0.001546 seconds.
Native extension for WindowsStandalone target not found
Refreshing native plugins compatible for Editor in 49.96 ms, found 2 plugins.
Preloading 0 native plugins for Editor in 0.00 ms.
Mono: successfully reloaded assembly
- Completed reload, in  0.915 seconds
Platform modules already initialized, skipping
Registering precompiled user dll's ...
Registered in 0.003787 seconds.
Begin MonoManager ReloadAssembly
Native extension for WindowsStandalone target not found
Refreshing native plugins compatible for Editor in 49.97 ms, found 2 plugins.
Preloading 0 native plugins for Editor in 0.00 ms.
Mono: successfully reloaded assembly
- Completed reload, in  0.956 seconds
Platform modules already initialized, skipping
========================================================================
Worker process is ready to serve import requests
Shader 'Universal Render Pipeline/Particles/Lit': fallback shader 'Universal Render Pipeline/Particles/SimpleLit' not found
Launched and connected shader compiler UnityShaderCompiler.exe after 0.03 seconds
Refreshing native plugins compatible for Editor in 0.53 ms, found 2 plugins.
Preloading 0 native plugins for Editor in 0.00 ms.
Unloading 2811 Unused Serialized files (Serialized files now loaded: 0)
System memory in use before: 225.3 MB.
System memory in use after: 225.5 MB.

Unloading 19 unused Assets to reduce memory usage. Loaded Objects now: 3278.
Total: 2.090400 ms (FindLiveObjects: 0.268600 ms CreateObjectMapping: 0.078100 ms MarkObjects: 1.630500 ms  DeleteObjects: 0.112100 ms)

========================================================================
Received Import Request.
  path: Assets/UsedAssets/TerrainTexturesPackFree/GrassUV01.png
  artifactKey: Guid(94e5dd2784ae3a44a930dba86cba9f6e) Importer(815301076,1909f56bfc062723c751e8b465ee728b)
Start importing Assets/UsedAssets/TerrainTexturesPackFree/GrassUV01.png using Guid(94e5dd2784ae3a44a930dba86cba9f6e) Importer(815301076,1909f56bfc062723c751e8b465ee728b)  -> (artifact id: 'feb140eb83e088cb883d2ff171e99b84') in 0.051731 seconds
  Import took 0.055512 seconds .

========================================================================
Received Import Request.
  Time since last request: 23.106021 seconds.
  path: Assets/UsedAssets/TerrainTexturesPackFree/GrassUV01_N.png
  artifactKey: Guid(77f758ad16f6580469ca8f42205f7b78) Importer(815301076,1909f56bfc062723c751e8b465ee728b)
Start importing Assets/UsedAssets/TerrainTexturesPackFree/GrassUV01_N.png using Guid(77f758ad16f6580469ca8f42205f7b78) Importer(815301076,1909f56bfc062723c751e8b465ee728b)  -> (artifact id: 'c526d374be24493a285b807a80c1a4e8') in 0.027547 seconds
  Import took 0.032851 seconds .

========================================================================
Received Import Request.
  Time since last request: 0.000187 seconds.
  path: Assets/UsedAssets/TerrainTexturesPackFree/GrassUV02_N.png
  artifactKey: Guid(db6b5112f8b3bcf478707e82ef048e88) Importer(815301076,1909f56bfc062723c751e8b465ee728b)
Start importing Assets/UsedAssets/TerrainTexturesPackFree/GrassUV02_N.png using Guid(db6b5112f8b3bcf478707e82ef048e88) Importer(815301076,1909f56bfc062723c751e8b465ee728b)  -> (artifact id: '32fbf78b9fd0d1871704692c6242384d') in 0.018012 seconds
  Import took 0.021803 seconds .

========================================================================
Received Import Request.
  Time since last request: 0.000179 seconds.
  path: Assets/UsedAssets/TerrainTexturesPackFree/GroundCracked01_N.png
  artifactKey: Guid(9511ab33cd5f6724f8c31c380a4814af) Importer(815301076,1909f56bfc062723c751e8b465ee728b)
Start importing Assets/UsedAssets/TerrainTexturesPackFree/GroundCracked01_N.png using Guid(9511ab33cd5f6724f8c31c380a4814af) Importer(815301076,1909f56bfc062723c751e8b465ee728b)  -> (artifact id: 'c381819dd9efbf323826232d9531b0a5') in 0.009661 seconds
  Import took 0.013960 seconds .

========================================================================
Received Import Request.
  Time since last request: 0.000490 seconds.
  path: Assets/UsedAssets/TerrainTexturesPackFree/GroundStones01.png
  artifactKey: Guid(17405fba9d20b47408239b3e82d60232) Importer(815301076,1909f56bfc062723c751e8b465ee728b)
Start importing Assets/UsedAssets/TerrainTexturesPackFree/GroundStones01.png using Guid(17405fba9d20b47408239b3e82d60232) Importer(815301076,1909f56bfc062723c751e8b465ee728b)  -> (artifact id: '2bf8160ff394c878ec0e65005f710295') in 0.012151 seconds
  Import took 0.016009 seconds .

========================================================================
Received Import Request.
  Time since last request: 0.000165 seconds.
  path: Assets/UsedAssets/TerrainTexturesPackFree/GroundStones01_N.png
  artifactKey: Guid(63312008529ed1d4bab4d57c204bae7a) Importer(815301076,1909f56bfc062723c751e8b465ee728b)
Start importing Assets/UsedAssets/TerrainTexturesPackFree/GroundStones01_N.png using Guid(63312008529ed1d4bab4d57c204bae7a) Importer(815301076,1909f56bfc062723c751e8b465ee728b)  -> (artifact id: 'a02bacf0aad4222c4db3f73d849de54d') in 0.018421 seconds
  Import took 0.022203 seconds .

========================================================================
Received Import Request.
  Time since last request: 0.000175 seconds.
  path: Assets/UsedAssets/TerrainTexturesPackFree/GroundDryLeaves01_N.png
  artifactKey: Guid(e39dfb80d9815f14da82c65960519b23) Importer(815301076,1909f56bfc062723c751e8b465ee728b)
Start importing Assets/UsedAssets/TerrainTexturesPackFree/GroundDryLeaves01_N.png using Guid(e39dfb80d9815f14da82c65960519b23) Importer(815301076,1909f56bfc062723c751e8b465ee728b)  -> (artifact id: '33a64640b0e2e9fc4063e854021b37d1') in 0.023232 seconds
  Import took 0.027065 seconds .

========================================================================
Received Import Request.
  Time since last request: 0.000169 seconds.
  path: Assets/UsedAssets/TerrainTexturesPackFree/GrassUV02.png
  artifactKey: Guid(bafadcf258df85b4686863cbaa688fba) Importer(815301076,1909f56bfc062723c751e8b465ee728b)
Start importing Assets/UsedAssets/TerrainTexturesPackFree/GrassUV02.png using Guid(bafadcf258df85b4686863cbaa688fba) Importer(815301076,1909f56bfc062723c751e8b465ee728b)  -> (artifact id: '7f4e8c5969002b06e710a6456b3f6e12') in 0.018171 seconds
  Import took 0.021599 seconds .

========================================================================
Received Import Request.
  Time since last request: 0.000148 seconds.
  path: Assets/UsedAssets/TerrainTexturesPackFree/GroundDryLeaves01.png
  artifactKey: Guid(3f893818068c13c498261af150bea6f3) Importer(815301076,1909f56bfc062723c751e8b465ee728b)
Start importing Assets/UsedAssets/TerrainTexturesPackFree/GroundDryLeaves01.png using Guid(3f893818068c13c498261af150bea6f3) Importer(815301076,1909f56bfc062723c751e8b465ee728b)  -> (artifact id: 'd0c689b27ba77e0701035fdf03748e9f') in 0.014017 seconds
  Import took 0.017382 seconds .

========================================================================
Received Import Request.
  Time since last request: 0.000168 seconds.
  path: Assets/UsedAssets/TerrainTexturesPackFree/GroundCracked01.png
  artifactKey: Guid(a87cbf62329d56d4681d92302095915c) Importer(815301076,1909f56bfc062723c751e8b465ee728b)
Start importing Assets/UsedAssets/TerrainTexturesPackFree/GroundCracked01.png using Guid(a87cbf62329d56d4681d92302095915c) Importer(815301076,1909f56bfc062723c751e8b465ee728b)  -> (artifact id: '7c40d25a42b11808763c74588864c9b7') in 0.009576 seconds
  Import took 0.013394 seconds .

========================================================================
Received Import Request.
  Time since last request: 22.427178 seconds.
  path: Assets/UsedAssets/TerrainTexturesPackFree/TerrainTex_Snow1_07_d.png
  artifactKey: Guid(c489e5685a081428e9e4c1ffaf365764) Importer(815301076,1909f56bfc062723c751e8b465ee728b)
Start importing Assets/UsedAssets/TerrainTexturesPackFree/TerrainTex_Snow1_07_d.png using Guid(c489e5685a081428e9e4c1ffaf365764) Importer(815301076,1909f56bfc062723c751e8b465ee728b)  -> (artifact id: '36273d5d0cfc57f22492c0a2dd338298') in 0.009246 seconds
  Import took 0.013202 seconds .

========================================================================
Received Import Request.
  Time since last request: 0.003399 seconds.
  path: Assets/UsedAssets/TerrainTexturesPackFree/TerrainTex_Snow1_04_d.png
  artifactKey: Guid(8a777844bee07461fa110b694ec151aa) Importer(815301076,1909f56bfc062723c751e8b465ee728b)
Start importing Assets/UsedAssets/TerrainTexturesPackFree/TerrainTex_Snow1_04_d.png using Guid(8a777844bee07461fa110b694ec151aa) Importer(815301076,1909f56bfc062723c751e8b465ee728b)  -> (artifact id: '3221fa22e78bcd0859ca7b19870ffb4a') in 0.010572 seconds
  Import took 0.014451 seconds .

========================================================================
Received Import Request.
  Time since last request: 0.000221 seconds.
  path: Assets/UsedAssets/TerrainTexturesPackFree/TerrainTex_Snow1_04_n.png
  artifactKey: Guid(434da6fd3c054491d98beed6cfa79157) Importer(815301076,1909f56bfc062723c751e8b465ee728b)
Start importing Assets/UsedAssets/TerrainTexturesPackFree/TerrainTex_Snow1_04_n.png using Guid(434da6fd3c054491d98beed6cfa79157) Importer(815301076,1909f56bfc062723c751e8b465ee728b)  -> (artifact id: '2db1033215acf53fa13550cd09856ade') in 0.009139 seconds
  Import took 0.013034 seconds .

========================================================================
Received Import Request.
  Time since last request: 0.000162 seconds.
  path: Assets/UsedAssets/TerrainTexturesPackFree/TerrainTex_Snow2_01_n.png
  artifactKey: Guid(164acba68d7644f628411115485c1268) Importer(815301076,1909f56bfc062723c751e8b465ee728b)
Start importing Assets/UsedAssets/TerrainTexturesPackFree/TerrainTex_Snow2_01_n.png using Guid(164acba68d7644f628411115485c1268) Importer(815301076,1909f56bfc062723c751e8b465ee728b)  -> (artifact id: 'f56718f060a0c8377c9c25aa6ed6643e') in 0.009551 seconds
  Import took 0.013432 seconds .

========================================================================
Received Import Request.
  Time since last request: 0.000158 seconds.
  path: Assets/UsedAssets/TerrainTexturesPackFree/TerrainTex_Snow2_07_d.png
  artifactKey: Guid(0a45c60f961954cf49cbc3cde58c6d27) Importer(815301076,1909f56bfc062723c751e8b465ee728b)
Start importing Assets/UsedAssets/TerrainTexturesPackFree/TerrainTex_Snow2_07_d.png using Guid(0a45c60f961954cf49cbc3cde58c6d27) Importer(815301076,1909f56bfc062723c751e8b465ee728b)  -> (artifact id: '4f89613f3ec9d5114c670196959e7e9c') in 0.008642 seconds
  Import took 0.012211 seconds .

========================================================================
Received Import Request.
  Time since last request: 0.000155 seconds.
  path: Assets/UsedAssets/TerrainTexturesPackFree/TerrainTex_Snow2_01_d.png
  artifactKey: Guid(7b6aaefc6e3554ebc89e3c8a9db4067a) Importer(815301076,1909f56bfc062723c751e8b465ee728b)
Start importing Assets/UsedAssets/TerrainTexturesPackFree/TerrainTex_Snow2_01_d.png using Guid(7b6aaefc6e3554ebc89e3c8a9db4067a) Importer(815301076,1909f56bfc062723c751e8b465ee728b)  -> (artifact id: '3ce4a16f142a157f450bc28ec0ea0979') in 0.008799 seconds
  Import took 0.012235 seconds .

========================================================================
Received Import Request.
  Time since last request: 0.000162 seconds.
  path: Assets/UsedAssets/TerrainTexturesPackFree/TerrainTex_Snow1_07_n.png
  artifactKey: Guid(19ea68a259b5a4815ad8cfe8d1bce1a7) Importer(815301076,1909f56bfc062723c751e8b465ee728b)
Start importing Assets/UsedAssets/TerrainTexturesPackFree/TerrainTex_Snow1_07_n.png using Guid(19ea68a259b5a4815ad8cfe8d1bce1a7) Importer(815301076,1909f56bfc062723c751e8b465ee728b)  -> (artifact id: 'c0ddce520866452bf7851a9688aa1606') in 0.009694 seconds
  Import took 0.013099 seconds .

========================================================================
Received Import Request.
  Time since last request: 0.000175 seconds.
  path: Assets/UsedAssets/TerrainTexturesPackFree/TerrainTex_Snow2_07_n.png
  artifactKey: Guid(541174477ab8e44eab339686af157141) Importer(815301076,1909f56bfc062723c751e8b465ee728b)
Start importing Assets/UsedAssets/TerrainTexturesPackFree/TerrainTex_Snow2_07_n.png using Guid(541174477ab8e44eab339686af157141) Importer(815301076,1909f56bfc062723c751e8b465ee728b)  -> (artifact id: '864bc7c7beae918b4047894b47e9a849') in 0.009036 seconds
  Import took 0.012832 seconds .

========================================================================
Received Import Request.
  Time since last request: 0.001287 seconds.
  path: Assets/UsedAssets/TerrainTexturesPackFree/TerrainTex_Snow2_07_n.png
  artifactKey: Guid(541174477ab8e44eab339686af157141) Importer(815301076,1909f56bfc062723c751e8b465ee728b)
Start importing Assets/UsedAssets/TerrainTexturesPackFree/TerrainTex_Snow2_07_n.png using Guid(541174477ab8e44eab339686af157141) Importer(815301076,1909f56bfc062723c751e8b465ee728b)  -> (artifact id: '864bc7c7beae918b4047894b47e9a849') in 0.009241 seconds
  Import took 0.012827 seconds .

AssetImportWorkerClient::OnTransportError - code=2 error=End of file
